Using pre-set license
Built from '2021.3/staging' branch; Version is '2021.3.22f1 (b6c551784ba3) revision 11978065'; Using compiler version '192829333'; Build Type 'Release'
OS: 'Windows 11  (10.0.22621) 64bit Professional' Language: 'es' Physical Memory: 16125 MB
BatchMode: 1, IsHumanControllingUs: 0, StartBugReporterOnCrash: 0, Is64bit: 1, IsPro: 1

COMMAND LINE ARGUMENTS:
C:\Program Files\Unity\Hub\Editor\2021.3.22f1\Editor\Unity.exe
-adb2
-batchMode
-noUpm
-name
AssetImportWorker0
-projectPath
D:/plataforma 2d
-logFile
Logs/AssetImportWorker0.log
-srvPort
53684
Successfully changed project path to: D:/plataforma 2d
D:/plataforma 2d
[UnityMemory] Configuration Parameters - Can be set up in boot.config
    "memorysetup-bucket-allocator-granularity=16"
    "memorysetup-bucket-allocator-bucket-count=8"
    "memorysetup-bucket-allocator-block-size=33554432"
    "memorysetup-bucket-allocator-block-count=8"
    "memorysetup-main-allocator-block-size=16777216"
    "memorysetup-thread-allocator-block-size=16777216"
    "memorysetup-gfx-main-allocator-block-size=16777216"
    "memorysetup-gfx-thread-allocator-block-size=16777216"
    "memorysetup-cache-allocator-block-size=4194304"
    "memorysetup-typetree-allocator-block-size=2097152"
    "memorysetup-profiler-bucket-allocator-granularity=16"
    "memorysetup-profiler-bucket-allocator-bucket-count=8"
    "memorysetup-profiler-bucket-allocator-block-size=33554432"
    "memorysetup-profiler-bucket-allocator-block-count=8"
    "memorysetup-profiler-allocator-block-size=16777216"
    "memorysetup-profiler-editor-allocator-block-size=1048576"
    "memorysetup-temp-allocator-size-main=16777216"
    "memorysetup-job-temp-allocator-block-size=2097152"
    "memorysetup-job-temp-allocator-block-size-background=1048576"
    "memorysetup-job-temp-allocator-reduction-small-platforms=262144"
    "memorysetup-temp-allocator-size-background-worker=32768"
    "memorysetup-temp-allocator-size-job-worker=262144"
    "memorysetup-temp-allocator-size-preload-manager=33554432"
    "memorysetup-temp-allocator-size-nav-mesh-worker=65536"
    "memorysetup-temp-allocator-size-audio-worker=65536"
    "memorysetup-temp-allocator-size-cloud-worker=32768"
    "memorysetup-temp-allocator-size-gi-baking-worker=262144"
    "memorysetup-temp-allocator-size-gfx=262144"
Player connection [27028] Host "[IP] 192.168.100.27 [Port] 0 [Flags] 2 [Guid] 2474745362 [EditorId] 2474745362 [Version] 1048832 [Id] WindowsEditor(7,DESKTOP-3HRLSTD) [Debug] 1 [PackageName] WindowsEditor [ProjectName] Editor" joined multi-casting on [225.0.0.222:54997]...

Player connection [27028] Host "[IP] 192.168.100.27 [Port] 0 [Flags] 2 [Guid] 2474745362 [EditorId] 2474745362 [Version] 1048832 [Id] WindowsEditor(7,DESKTOP-3HRLSTD) [Debug] 1 [PackageName] WindowsEditor [ProjectName] Editor" joined alternative multi-casting on [225.0.0.222:34997]...

Refreshing native plugins compatible for Editor in 65.45 ms, found 4 plugins.
Preloading 0 native plugins for Editor in 0.00 ms.
Initialize engine version: 2021.3.22f1 (b6c551784ba3)
[Subsystems] Discovering subsystems at path C:/Program Files/Unity/Hub/Editor/2021.3.22f1/Editor/Data/Resources/UnitySubsystems
[Subsystems] Discovering subsystems at path D:/plataforma 2d/Assets
GfxDevice: creating device client; threaded=0; jobified=0
Direct3D:
    Version:  Direct3D 11.0 [level 11.1]
    Renderer: Intel(R) UHD Graphics 730 (ID=0x4692)
    Vendor:   Intel
    VRAM:     8062 MB
    Driver:   31.0.101.4644
Initialize mono
Mono path[0] = 'C:/Program Files/Unity/Hub/Editor/2021.3.22f1/Editor/Data/Managed'
Mono path[1] = 'C:/Program Files/Unity/Hub/Editor/2021.3.22f1/Editor/Data/MonoBleedingEdge/lib/mono/unityjit-win32'
Mono config path = 'C:/Program Files/Unity/Hub/Editor/2021.3.22f1/Editor/Data/MonoBleedingEdge/etc'
Using monoOptions --debugger-agent=transport=dt_socket,embedding=1,server=y,suspend=n,address=127.0.0.1:56444
Begin MonoManager ReloadAssembly
Registering precompiled unity dll's ...
Register platform support module: C:/Program Files/Unity/Hub/Editor/2021.3.22f1/Editor/Data/PlaybackEngines/WebGLSupport/UnityEditor.WebGL.Extensions.dll
Register platform support module: C:/Program Files/Unity/Hub/Editor/2021.3.22f1/Editor/Data/PlaybackEngines/AndroidPlayer/UnityEditor.Android.Extensions.dll
Register platform support module: C:/Program Files/Unity/Hub/Editor/2021.3.22f1/Editor/Data/PlaybackEngines/WindowsStandaloneSupport/UnityEditor.WindowsStandalone.Extensions.dll
Register platform support module: C:/Program Files/Unity/Hub/Editor/2021.3.22f1/Editor/Data/PlaybackEngines/MetroSupport/UnityEditor.UWP.Extensions.dll
Registered in 0.004629 seconds.
Native extension for UWP target not found
Native extension for WindowsStandalone target not found
Native extension for Android target not found
Android Extension - Scanning For ADB Devices 314 ms
Native extension for WebGL target not found
Refreshing native plugins compatible for Editor in 86.80 ms, found 4 plugins.
Preloading 0 native plugins for Editor in 0.00 ms.
Mono: successfully reloaded assembly
- Completed reload, in  0.857 seconds
Domain Reload Profiling:
	ReloadAssembly (858ms)
		BeginReloadAssembly (95ms)
			ExecutionOrderSort (0ms)
			DisableScriptedObjects (0ms)
			BackupInstance (0ms)
			ReleaseScriptingObjects (0ms)
			CreateAndSetChildDomain (1ms)
		EndReloadAssembly (693ms)
			LoadAssemblies (93ms)
			RebuildTransferFunctionScriptingTraits (0ms)
			SetupTypeCache (75ms)
			ReleaseScriptCaches (0ms)
			RebuildScriptCaches (18ms)
			SetupLoadedEditorAssemblies (562ms)
				LogAssemblyErrors (0ms)
				InitializePlatformSupportModulesInManaged (374ms)
				SetLoadedEditorAssemblies (0ms)
				RefreshPlugins (87ms)
				BeforeProcessingInitializeOnLoad (1ms)
				ProcessInitializeOnLoadAttributes (65ms)
				ProcessInitializeOnLoadMethodAttributes (34ms)
				AfterProcessingInitializeOnLoad (0ms)
				EditorAssembliesLoaded (0ms)
			ExecutionOrderSort2 (0ms)
			AwakeInstancesAfterBackupRestoration (0ms)
Platform modules already initialized, skipping
Registering precompiled user dll's ...
Registered in 0.003788 seconds.
Begin MonoManager ReloadAssembly
Symbol file LoadedFromMemory doesn't match image D:\plataforma 2d\Library\PackageCache\com.unity.visualscripting@1.8.0\Editor\VisualScripting.Core\Dependencies\YamlDotNet\Unity.VisualScripting.YamlDotNet.dll
Symbol file LoadedFromMemory doesn't match image D:\plataforma 2d\Library\PackageCache\com.unity.visualscripting@1.8.0\Editor\VisualScripting.Core\Dependencies\DotNetZip\Unity.VisualScripting.IonicZip.dll
Native extension for UWP target not found
Native extension for WindowsStandalone target not found
Native extension for Android target not found
Native extension for WebGL target not found
Refreshing native plugins compatible for Editor in 67.53 ms, found 4 plugins.
Preloading 0 native plugins for Editor in 0.00 ms.
Mono: successfully reloaded assembly
- Completed reload, in  1.192 seconds
Domain Reload Profiling:
	ReloadAssembly (1193ms)
		BeginReloadAssembly (88ms)
			ExecutionOrderSort (0ms)
			DisableScriptedObjects (4ms)
			BackupInstance (0ms)
			ReleaseScriptingObjects (0ms)
			CreateAndSetChildDomain (16ms)
		EndReloadAssembly (1026ms)
			LoadAssemblies (70ms)
			RebuildTransferFunctionScriptingTraits (0ms)
			SetupTypeCache (460ms)
			ReleaseScriptCaches (0ms)
			RebuildScriptCaches (59ms)
			SetupLoadedEditorAssemblies (401ms)
				LogAssemblyErrors (0ms)
				InitializePlatformSupportModulesInManaged (13ms)
				SetLoadedEditorAssemblies (0ms)
				RefreshPlugins (68ms)
				BeforeProcessingInitializeOnLoad (62ms)
				ProcessInitializeOnLoadAttributes (221ms)
				ProcessInitializeOnLoadMethodAttributes (34ms)
				AfterProcessingInitializeOnLoad (4ms)
				EditorAssembliesLoaded (0ms)
			ExecutionOrderSort2 (0ms)
			AwakeInstancesAfterBackupRestoration (5ms)
Platform modules already initialized, skipping
========================================================================
Worker process is ready to serve import requests
Launched and connected shader compiler UnityShaderCompiler.exe after 0.08 seconds
Refreshing native plugins compatible for Editor in 2.19 ms, found 4 plugins.
Preloading 0 native plugins for Editor in 0.00 ms.
Unloading 3913 Unused Serialized files (Serialized files now loaded: 0)
Unloading 54 unused Assets / (299.6 KB). Loaded Objects now: 4370.
Memory consumption went from 151.1 MB to 150.8 MB.
Total: 3.204900 ms (FindLiveObjects: 0.372200 ms CreateObjectMapping: 0.274000 ms MarkObjects: 2.388400 ms  DeleteObjects: 0.169300 ms)

AssetImportParameters requested are different than current active one (requested -> active):
  custom:video-decoder-ogg-theora: a1e56fd34408186e4bbccfd4996cb3dc -> 
  custom:container-muxer-webm: aa71ff27fc2769a1b78a27578f13a17b -> 
  custom:container-demuxer-webm: 4f35f7cbe854078d1ac9338744f61a02 -> 
  custom:video-encoder-webm-vp8: eb34c28f22e8b96e1ab97ce403110664 -> 
  custom:audio-encoder-webm-vorbis: bf7c407c2cedff20999df2af8eb42d56 -> 
  custom:framework-win-MediaFoundation: 216162199b28c13a410421893ffa2e32 -> 
  custom:container-demuxer-ogg: 62fdf1f143b41e24485cea50d1cbac27 -> 
  custom:video-decoder-webm-vp8: 9c59270c3fd7afecdb556c50c9e8de78 -> 
  custom:audio-decoder-ogg-vorbis: bf7c407c2cedff20999df2af8eb42d56 -> 
========================================================================
Received Import Request.
  Time since last request: 105332.934978 seconds.
  path: Assets/animations/Jump
  artifactKey: Guid(eafcdf012c523c94bb6c36ad92f6a8b9) Importer(815301076,1909f56bfc062723c751e8b465ee728b)
Start importing Assets/animations/Jump using Guid(eafcdf012c523c94bb6c36ad92f6a8b9) Importer(815301076,1909f56bfc062723c751e8b465ee728b)  -> (artifact id: 'ce3346c37a304fa12de29cbc1bd2bbd2') in 0.007897 seconds 
========================================================================
Received Import Request.
  Time since last request: 0.008119 seconds.
  path: Assets/prefabs/blocjmove.anim
  artifactKey: Guid(bfa86ecc611006f449cb1b87faac6b08) Importer(815301076,1909f56bfc062723c751e8b465ee728b)
Start importing Assets/prefabs/blocjmove.anim using Guid(bfa86ecc611006f449cb1b87faac6b08) Importer(815301076,1909f56bfc062723c751e8b465ee728b)  -> (artifact id: '5f18f1c8f84b91551e7dfd3e1c7beb65') in 0.024851 seconds 
========================================================================
Received Import Request.
  Time since last request: 0.110965 seconds.
  path: Assets/TextMesh Pro/Resources/LineBreaking Following Characters.txt
  artifactKey: Guid(fade42e8bc714b018fac513c043d323b) Importer(815301076,1909f56bfc062723c751e8b465ee728b)
Start importing Assets/TextMesh Pro/Resources/LineBreaking Following Characters.txt using Guid(fade42e8bc714b018fac513c043d323b) Importer(815301076,1909f56bfc062723c751e8b465ee728b)  -> (artifact id: 'e7f67ab3dc26da4e8ae25e3f4e491d00') in 0.050424 seconds 
========================================================================
Received Import Request.
  Time since last request: 0.000020 seconds.
  path: Assets/TextMesh Pro/Fonts
  artifactKey: Guid(6ab70aee4d56447429c680537fbf93ed) Importer(815301076,1909f56bfc062723c751e8b465ee728b)
Start importing Assets/TextMesh Pro/Fonts using Guid(6ab70aee4d56447429c680537fbf93ed) Importer(815301076,1909f56bfc062723c751e8b465ee728b)  -> (artifact id: '7c35bbd85dc86dd2ef332d439fd9c360') in 0.000844 seconds 
========================================================================
Received Import Request.
  Time since last request: 0.084947 seconds.
  path: Assets/TextMesh Pro
  artifactKey: Guid(f54d1bd14bd3ca042bd867b519fee8cc) Importer(815301076,1909f56bfc062723c751e8b465ee728b)
Start importing Assets/TextMesh Pro using Guid(f54d1bd14bd3ca042bd867b519fee8cc) Importer(815301076,1909f56bfc062723c751e8b465ee728b)  -> (artifact id: 'f5648c5ef36b7beab651a001a8d08867') in 0.000870 seconds 
========================================================================
Received Import Request.
  Time since last request: 0.011251 seconds.
  path: Assets/animations/Run/Run.anim
  artifactKey: Guid(924432f01d117324ba8c82770fe308ed) Importer(815301076,1909f56bfc062723c751e8b465ee728b)
Start importing Assets/animations/Run/Run.anim using Guid(924432f01d117324ba8c82770fe308ed) Importer(815301076,1909f56bfc062723c751e8b465ee728b)  -> (artifact id: '1cbe579e680db5132bebd212e0640188') in 0.001421 seconds 
========================================================================
Received Import Request.
  Time since last request: 0.036213 seconds.
  path: Assets/TextMesh Pro/Shaders/TMP_Bitmap-Custom-Atlas.shader
  artifactKey: Guid(48bb5f55d8670e349b6e614913f9d910) Importer(815301076,1909f56bfc062723c751e8b465ee728b)
Start importing Assets/TextMesh Pro/Shaders/TMP_Bitmap-Custom-Atlas.shader using Guid(48bb5f55d8670e349b6e614913f9d910) Importer(815301076,1909f56bfc062723c751e8b465ee728b)  -> (artifact id: 'ee33c8204320077bc2f71ff5adf4078f') in 0.002643 seconds 
========================================================================
Received Import Request.
  Time since last request: 0.032853 seconds.
  path: Assets/TextMesh Pro/Resources/Style Sheets/Default Style Sheet.asset
  artifactKey: Guid(f952c082cb03451daed3ee968ac6c63e) Importer(815301076,1909f56bfc062723c751e8b465ee728b)
Start importing Assets/TextMesh Pro/Resources/Style Sheets/Default Style Sheet.asset using Guid(f952c082cb03451daed3ee968ac6c63e) Importer(815301076,1909f56bfc062723c751e8b465ee728b)  -> (artifact id: 'c72200549b97ff12ff44a36c3fabf96c') in 0.003563 seconds 
========================================================================
Received Import Request.
  Time since last request: 0.051104 seconds.
  path: Assets/TextMesh Pro/Resources/Sprite Assets/EmojiOne.asset
  artifactKey: Guid(c41005c129ba4d66911b75229fd70b45) Importer(815301076,1909f56bfc062723c751e8b465ee728b)
Start importing Assets/TextMesh Pro/Resources/Sprite Assets/EmojiOne.asset using Guid(c41005c129ba4d66911b75229fd70b45) Importer(815301076,1909f56bfc062723c751e8b465ee728b)  -> (artifact id: '3950451084668360d05945240589cf11') in 0.003756 seconds 
========================================================================
Received Import Request.
  Time since last request: 0.020463 seconds.
  path: Assets/TextMesh Pro/Shaders/TMP_Sprite.shader
  artifactKey: Guid(cf81c85f95fe47e1a27f6ae460cf182c) Importer(815301076,1909f56bfc062723c751e8b465ee728b)
Start importing Assets/TextMesh Pro/Shaders/TMP_Sprite.shader using Guid(cf81c85f95fe47e1a27f6ae460cf182c) Importer(815301076,1909f56bfc062723c751e8b465ee728b)  -> (artifact id: '0e7c74a4b90aced47c55d0730d60d74e') in 0.002976 seconds 
========================================================================
Received Import Request.
  Time since last request: 0.024479 seconds.
  path: Assets/TextMesh Pro/Resources/Sprite Assets
  artifactKey: Guid(512a49d95c0c4332bdd98131869c23c9) Importer(815301076,1909f56bfc062723c751e8b465ee728b)
Start importing Assets/TextMesh Pro/Resources/Sprite Assets using Guid(512a49d95c0c4332bdd98131869c23c9) Importer(815301076,1909f56bfc062723c751e8b465ee728b)  -> (artifact id: '1dcb9dc3060b39f33c350934f5d461fd') in 0.000808 seconds 
========================================================================
Received Import Request.
  Time since last request: 0.006332 seconds.
  path: Assets/Scenes/Level1.unity
  artifactKey: Guid(2cda990e2423bbf4892e6590ba056729) Importer(815301076,1909f56bfc062723c751e8b465ee728b)
Start importing Assets/Scenes/Level1.unity using Guid(2cda990e2423bbf4892e6590ba056729) Importer(815301076,1909f56bfc062723c751e8b465ee728b)  -> (artifact id: '7b7c1b5e25c5bc0909df4731e85903d2') in 0.000798 seconds 
========================================================================
Received Import Request.
  Time since last request: 0.028806 seconds.
  path: Assets/TextMesh Pro/Sprites/EmojiOne.png
  artifactKey: Guid(dffef66376be4fa480fb02b19edbe903) Importer(815301076,1909f56bfc062723c751e8b465ee728b)
Start importing Assets/TextMesh Pro/Sprites/EmojiOne.png using Guid(dffef66376be4fa480fb02b19edbe903) Importer(815301076,1909f56bfc062723c751e8b465ee728b)  -> (artifact id: '684879e9e4da1b8e3f7a303b1b0cf376') in 0.045564 seconds 
========================================================================
Received Import Request.
  Time since last request: 0.002814 seconds.
  path: Assets/TextMesh Pro/Shaders/TMP_SDF Overlay.shader
  artifactKey: Guid(dd89cf5b9246416f84610a006f916af7) Importer(815301076,1909f56bfc062723c751e8b465ee728b)
Start importing Assets/TextMesh Pro/Shaders/TMP_SDF Overlay.shader using Guid(dd89cf5b9246416f84610a006f916af7) Importer(815301076,1909f56bfc062723c751e8b465ee728b)  -> (artifact id: '872bee777b7c2d6a31c18934a9fe331b') in 0.001367 seconds 
========================================================================
Received Import Request.
  Time since last request: 0.242488 seconds.
  path: Assets/prefabs/blockmovehori.anim
  artifactKey: Guid(1623cbae4d11f944e8fa0a138148663a) Importer(815301076,1909f56bfc062723c751e8b465ee728b)
Start importing Assets/prefabs/blockmovehori.anim using Guid(1623cbae4d11f944e8fa0a138148663a) Importer(815301076,1909f56bfc062723c751e8b465ee728b)  -> (artifact id: '15dcabdea1e464d99236ab41498c8069') in 0.001273 seconds 
========================================================================
Received Import Request.
  Time since last request: 0.006722 seconds.
  path: Assets/TextMesh Pro/Sprites/EmojiOne.json
  artifactKey: Guid(8f05276190cf498a8153f6cbe761d4e6) Importer(815301076,1909f56bfc062723c751e8b465ee728b)
Start importing Assets/TextMesh Pro/Sprites/EmojiOne.json using Guid(8f05276190cf498a8153f6cbe761d4e6) Importer(815301076,1909f56bfc062723c751e8b465ee728b)  -> (artifact id: '036dbd30c7d82b31d4c2f8acde9227e5') in 0.006911 seconds 
========================================================================
Received Import Request.
  Time since last request: 0.039893 seconds.
  path: Assets/sprites/sol-04.controller
  artifactKey: Guid(68f2f611a5fa9b349804b77fa8a27ead) Importer(815301076,1909f56bfc062723c751e8b465ee728b)
Start importing Assets/sprites/sol-04.controller using Guid(68f2f611a5fa9b349804b77fa8a27ead) Importer(815301076,1909f56bfc062723c751e8b465ee728b)  -> (artifact id: '263d0cd3b680952d213e3449efc5dd3e') in 0.004364 seconds 
========================================================================
Received Import Request.
  Time since last request: 0.087882 seconds.
  path: Assets/TextMesh Pro/Documentation
  artifactKey: Guid(8e7e8f5a82a3a134e91c54efd2274ea9) Importer(815301076,1909f56bfc062723c751e8b465ee728b)
Start importing Assets/TextMesh Pro/Documentation using Guid(8e7e8f5a82a3a134e91c54efd2274ea9) Importer(815301076,1909f56bfc062723c751e8b465ee728b)  -> (artifact id: 'dc497803c0650e980b81bcf651e18b86') in 0.001644 seconds 
========================================================================
Received Import Request.
  Time since last request: 0.046029 seconds.
  path: Assets/TextMesh Pro/Shaders/TMPro_Mobile.cginc
  artifactKey: Guid(c334973cef89a9840b0b0c507e0377ab) Importer(815301076,1909f56bfc062723c751e8b465ee728b)
Start importing Assets/TextMesh Pro/Shaders/TMPro_Mobile.cginc using Guid(c334973cef89a9840b0b0c507e0377ab) Importer(815301076,1909f56bfc062723c751e8b465ee728b)  -> (artifact id: '89ec19a9bb5cbf8bdad0e1633e175a9e') in 0.003018 seconds 
========================================================================
Received Import Request.
  Time since last request: 0.000016 seconds.
  path: Assets/TextMesh Pro/Shaders/TMP_SDF-Mobile Masking.shader
  artifactKey: Guid(bc1ede39bf3643ee8e493720e4259791) Importer(815301076,1909f56bfc062723c751e8b465ee728b)
Start importing Assets/TextMesh Pro/Shaders/TMP_SDF-Mobile Masking.shader using Guid(bc1ede39bf3643ee8e493720e4259791) Importer(815301076,1909f56bfc062723c751e8b465ee728b)  -> (artifact id: 'c8c57d433d24619fb5da4045a41f74e3') in 0.000919 seconds 
========================================================================
Received Import Request.
  Time since last request: 0.003193 seconds.
  path: Assets/TextMesh Pro/Resources/Fonts & Materials/LiberationSans SDF - Fallback.asset
  artifactKey: Guid(2e498d1c8094910479dc3e1b768306a4) Importer(815301076,1909f56bfc062723c751e8b465ee728b)
Start importing Assets/TextMesh Pro/Resources/Fonts & Materials/LiberationSans SDF - Fallback.asset using Guid(2e498d1c8094910479dc3e1b768306a4) Importer(815301076,1909f56bfc062723c751e8b465ee728b)  -> (artifact id: 'f9c9582bbf9a7dbdd5f8d5ca9c14184c') in 0.082805 seconds 
========================================================================
Received Import Request.
  Time since last request: 0.038589 seconds.
  path: Assets/animations/Jump/Firefly floating blocks desert land 77948.controller
  artifactKey: Guid(bc15a217684814a44b4a82b46478b46c) Importer(815301076,1909f56bfc062723c751e8b465ee728b)
Start importing Assets/animations/Jump/Firefly floating blocks desert land 77948.controller using Guid(bc15a217684814a44b4a82b46478b46c) Importer(815301076,1909f56bfc062723c751e8b465ee728b)  -> (artifact id: '7605427c2f22b24c7c84d28818399353') in 0.001903 seconds 
========================================================================
Received Import Request.
  Time since last request: 0.045764 seconds.
  path: Assets/scrips/SunCollected.cs
  artifactKey: Guid(ef6157e6309b9d240bc7ba07c05c2fdb) Importer(815301076,1909f56bfc062723c751e8b465ee728b)
Start importing Assets/scrips/SunCollected.cs using Guid(ef6157e6309b9d240bc7ba07c05c2fdb) Importer(815301076,1909f56bfc062723c751e8b465ee728b)  -> (artifact id: '1cdf3f97e8e2caf161f24a321c9fed68') in 0.006970 seconds 
========================================================================
Received Import Request.
  Time since last request: 0.009707 seconds.
  path: Assets/scrips/DamageObject.cs
  artifactKey: Guid(e52b05a5140cccc48829c7ff3325f2e8) Importer(815301076,1909f56bfc062723c751e8b465ee728b)
Start importing Assets/scrips/DamageObject.cs using Guid(e52b05a5140cccc48829c7ff3325f2e8) Importer(815301076,1909f56bfc062723c751e8b465ee728b)  -> (artifact id: '871d0a9b3f834237dfd483ebe22e7243') in 0.000750 seconds 
========================================================================
Received Import Request.
  Time since last request: 0.005584 seconds.
  path: Assets/TextMesh Pro/Resources/TMP Settings.asset
  artifactKey: Guid(3f5b5dff67a942289a9defa416b206f3) Importer(815301076,1909f56bfc062723c751e8b465ee728b)
Start importing Assets/TextMesh Pro/Resources/TMP Settings.asset using Guid(3f5b5dff67a942289a9defa416b206f3) Importer(815301076,1909f56bfc062723c751e8b465ee728b)  -> (artifact id: '7d39d3b365ae06f4a5d582e5614ba55e') in 0.015724 seconds 
========================================================================
Received Import Request.
  Time since last request: 0.013861 seconds.
  path: Assets/TextMesh Pro/Documentation/TextMesh Pro User Guide 2016.pdf
  artifactKey: Guid(1b8d251f9af63b746bf2f7ffe00ebb9b) Importer(815301076,1909f56bfc062723c751e8b465ee728b)
Start importing Assets/TextMesh Pro/Documentation/TextMesh Pro User Guide 2016.pdf using Guid(1b8d251f9af63b746bf2f7ffe00ebb9b) Importer(815301076,1909f56bfc062723c751e8b465ee728b)  -> (artifact id: '06d594f0f45c0070f56c2dd42a9bd84c') in 0.006104 seconds 
========================================================================
Received Import Request.
  Time since last request: 0.002493 seconds.
  path: Assets/animations/ENEMY-GUN/Level2.controller
  artifactKey: Guid(0abb9482b6022724987ef6118953d2ec) Importer(815301076,1909f56bfc062723c751e8b465ee728b)
Start importing Assets/animations/ENEMY-GUN/Level2.controller using Guid(0abb9482b6022724987ef6118953d2ec) Importer(815301076,1909f56bfc062723c751e8b465ee728b)  -> (artifact id: '6d492b8416fc5bee6433b608c99907b0') in 0.001391 seconds 
========================================================================
Received Import Request.
  Time since last request: 0.002320 seconds.
  path: Assets/TextMesh Pro/Resources
  artifactKey: Guid(243e06394e614e5d99fab26083b707fa) Importer(815301076,1909f56bfc062723c751e8b465ee728b)
Start importing Assets/TextMesh Pro/Resources using Guid(243e06394e614e5d99fab26083b707fa) Importer(815301076,1909f56bfc062723c751e8b465ee728b)  -> (artifact id: '73107d1020a62e3def86c468d2a05456') in 0.001043 seconds 
========================================================================
Received Import Request.
  Time since last request: 0.011116 seconds.
  path: Assets/TextMesh Pro/Fonts/LiberationSans.ttf
  artifactKey: Guid(e3265ab4bf004d28a9537516768c1c75) Importer(815301076,1909f56bfc062723c751e8b465ee728b)
Start importing Assets/TextMesh Pro/Fonts/LiberationSans.ttf using Guid(e3265ab4bf004d28a9537516768c1c75) Importer(815301076,1909f56bfc062723c751e8b465ee728b)  -> (artifact id: 'f3bd036785823e2281556a384dd6489b') in 0.055352 seconds 
========================================================================
Received Import Request.
  Time since last request: 0.013258 seconds.
  path: Assets/TextMesh Pro/Shaders/TMPro_Surface.cginc
  artifactKey: Guid(d930090c0cd643c7b55f19a38538c162) Importer(815301076,1909f56bfc062723c751e8b465ee728b)
Start importing Assets/TextMesh Pro/Shaders/TMPro_Surface.cginc using Guid(d930090c0cd643c7b55f19a38538c162) Importer(815301076,1909f56bfc062723c751e8b465ee728b)  -> (artifact id: '0b707fb793fd60a56581099cf81a197e') in 0.003587 seconds 
========================================================================
Received Import Request.
  Time since last request: 0.010564 seconds.
  path: Assets/TextMesh Pro/Shaders
  artifactKey: Guid(e9f693669af91aa45ad615fc681ed29f) Importer(815301076,1909f56bfc062723c751e8b465ee728b)
Start importing Assets/TextMesh Pro/Shaders using Guid(e9f693669af91aa45ad615fc681ed29f) Importer(815301076,1909f56bfc062723c751e8b465ee728b)  -> (artifact id: '16852098a277b7ddedd49287b21bfbc7') in 0.002224 seconds 
========================================================================
Received Import Request.
  Time since last request: 0.045247 seconds.
  path: Assets/animations/ENEMY-GUN/0001.controller
  artifactKey: Guid(f62a9ad3bf805a94eb6a09f26a1e10d7) Importer(815301076,1909f56bfc062723c751e8b465ee728b)
Start importing Assets/animations/ENEMY-GUN/0001.controller using Guid(f62a9ad3bf805a94eb6a09f26a1e10d7) Importer(815301076,1909f56bfc062723c751e8b465ee728b)  -> (artifact id: '1a8df00b7002db884a5fdb9490afbd01') in 0.001559 seconds 
========================================================================
Received Import Request.
  Time since last request: 0.009290 seconds.
  path: Assets/animations/enemy/base.anim
  artifactKey: Guid(243b6dca72e896d43b2d16ae44d90045) Importer(815301076,1909f56bfc062723c751e8b465ee728b)
Start importing Assets/animations/enemy/base.anim using Guid(243b6dca72e896d43b2d16ae44d90045) Importer(815301076,1909f56bfc062723c751e8b465ee728b)  -> (artifact id: '7b3dbd370c9498355a4becdc25d105a5') in 0.001148 seconds 
========================================================================
Received Import Request.
  Time since last request: 0.002113 seconds.
  path: Assets/animations/Run/0001.controller
  artifactKey: Guid(4e5c9c895cdb0d64cbf247b079bd1056) Importer(815301076,1909f56bfc062723c751e8b465ee728b)
Start importing Assets/animations/Run/0001.controller using Guid(4e5c9c895cdb0d64cbf247b079bd1056) Importer(815301076,1909f56bfc062723c751e8b465ee728b)  -> (artifact id: '065bd46f6faf2265f2efe3870c9e18b4') in 0.008493 seconds 
========================================================================
Received Import Request.
  Time since last request: 0.038975 seconds.
  path: Assets/sprites/sun.anim
  artifactKey: Guid(fa6a48c6f4f19294aa156431337b1fc4) Importer(815301076,1909f56bfc062723c751e8b465ee728b)
Start importing Assets/sprites/sun.anim using Guid(fa6a48c6f4f19294aa156431337b1fc4) Importer(815301076,1909f56bfc062723c751e8b465ee728b)  -> (artifact id: 'ecd0ce71e816dd6cfc8bd521c6e82118') in 0.001249 seconds 
========================================================================
Received Import Request.
  Time since last request: 0.011099 seconds.
  path: Assets/animations/Run/0001 1.controller
  artifactKey: Guid(41433264893e2bf4aa3fde26fdb09580) Importer(815301076,1909f56bfc062723c751e8b465ee728b)
Start importing Assets/animations/Run/0001 1.controller using Guid(41433264893e2bf4aa3fde26fdb09580) Importer(815301076,1909f56bfc062723c751e8b465ee728b)  -> (artifact id: '008000d30eef1fec2f8c490718863546') in 0.001479 seconds 
========================================================================
Received Import Request.
  Time since last request: 0.033957 seconds.
  path: Assets/animations/Jump/0001_png0010.controller
  artifactKey: Guid(933daaca772e57041a3c18b7d76108ef) Importer(815301076,1909f56bfc062723c751e8b465ee728b)
Start importing Assets/animations/Jump/0001_png0010.controller using Guid(933daaca772e57041a3c18b7d76108ef) Importer(815301076,1909f56bfc062723c751e8b465ee728b)  -> (artifact id: '2be15f160d9cca284823558e891fe6d8') in 0.001435 seconds 
========================================================================
Received Import Request.
  Time since last request: 0.006477 seconds.
  path: Assets/animations/Jump/jump.anim
  artifactKey: Guid(9088abd2b64659a4ba8c5021c5e1fc61) Importer(815301076,1909f56bfc062723c751e8b465ee728b)
Start importing Assets/animations/Jump/jump.anim using Guid(9088abd2b64659a4ba8c5021c5e1fc61) Importer(815301076,1909f56bfc062723c751e8b465ee728b)  -> (artifact id: '97e0ee7661cd616aa4db5521001f37b8') in 0.002879 seconds 
========================================================================
Received Import Request.
  Time since last request: 0.018584 seconds.
  path: Assets/scrips/CheckGroud.cs
  artifactKey: Guid(5e3e4681cf7d29742860c9aa5fc46f59) Importer(815301076,1909f56bfc062723c751e8b465ee728b)
Start importing Assets/scrips/CheckGroud.cs using Guid(5e3e4681cf7d29742860c9aa5fc46f59) Importer(815301076,1909f56bfc062723c751e8b465ee728b)  -> (artifact id: '5cbc9df846fa1c34eff3bd25aff0cae7') in 0.000695 seconds 
========================================================================
Received Import Request.
  Time since last request: 0.005938 seconds.
  path: Assets/animations/wait/0001_png0001 (1).controller
  artifactKey: Guid(67092f0f8c6be6e408446a441fb4078a) Importer(815301076,1909f56bfc062723c751e8b465ee728b)
Start importing Assets/animations/wait/0001_png0001 (1).controller using Guid(67092f0f8c6be6e408446a441fb4078a) Importer(815301076,1909f56bfc062723c751e8b465ee728b)  -> (artifact id: '16fbad98de941d2cc75367b49466083b') in 0.003019 seconds 
========================================================================
Received Import Request.
  Time since last request: 0.025155 seconds.
  path: Assets/TextMesh Pro/Sprites/EmojiOne Attribution.txt
  artifactKey: Guid(381dcb09d5029d14897e55f98031fca5) Importer(815301076,1909f56bfc062723c751e8b465ee728b)
Start importing Assets/TextMesh Pro/Sprites/EmojiOne Attribution.txt using Guid(381dcb09d5029d14897e55f98031fca5) Importer(815301076,1909f56bfc062723c751e8b465ee728b)  -> (artifact id: '0f71b2d21205dc6ff6abedf9e764a644') in 0.001306 seconds 
========================================================================
Received Import Request.
  Time since last request: 0.168584 seconds.
  path: Assets/scrips/GameManager.cs
  artifactKey: Guid(aaf64cab59a87c74aaf0ed6160aa6a4a) Importer(815301076,1909f56bfc062723c751e8b465ee728b)
Start importing Assets/scrips/GameManager.cs using Guid(aaf64cab59a87c74aaf0ed6160aa6a4a) Importer(815301076,1909f56bfc062723c751e8b465ee728b)  -> (artifact id: '391a2127aad7703f0c7364815830a56c') in 0.000867 seconds 
========================================================================
Received Import Request.
  Time since last request: 0.006899 seconds.
  path: Assets/TextMesh Pro/Shaders/TMP_Bitmap-Mobile.shader
  artifactKey: Guid(1e3b057af24249748ff873be7fafee47) Importer(815301076,1909f56bfc062723c751e8b465ee728b)
Start importing Assets/TextMesh Pro/Shaders/TMP_Bitmap-Mobile.shader using Guid(1e3b057af24249748ff873be7fafee47) Importer(815301076,1909f56bfc062723c751e8b465ee728b)  -> (artifact id: 'd8cafdaff4de9f57bfdebcaf3c71222d') in 0.001241 seconds 
========================================================================
Received Import Request.
  Time since last request: 0.005122 seconds.
  path: Assets/TextMesh Pro/Shaders/TMP_SDF-Mobile Overlay.shader
  artifactKey: Guid(a02a7d8c237544f1962732b55a9aebf1) Importer(815301076,1909f56bfc062723c751e8b465ee728b)
Start importing Assets/TextMesh Pro/Shaders/TMP_SDF-Mobile Overlay.shader using Guid(a02a7d8c237544f1962732b55a9aebf1) Importer(815301076,1909f56bfc062723c751e8b465ee728b)  -> (artifact id: '2aca55ad6487aea99b0fecc0a181e403') in 0.000994 seconds 
========================================================================
Received Import Request.
  Time since last request: 0.002233 seconds.
  path: Assets/animations/ENEMY-GUN/Firefly block realistic stone floating blue light 50415.controller
  artifactKey: Guid(bab93af442862374f95886282243409f) Importer(815301076,1909f56bfc062723c751e8b465ee728b)
Start importing Assets/animations/ENEMY-GUN/Firefly block realistic stone floating blue light 50415.controller using Guid(bab93af442862374f95886282243409f) Importer(815301076,1909f56bfc062723c751e8b465ee728b)  -> (artifact id: '1bca4c3c5c96ab88a3c9f47c8fec8f37') in 0.001472 seconds 
========================================================================
Received Import Request.
  Time since last request: 0.008100 seconds.
  path: Assets/Scenes/Inicio.unity
  artifactKey: Guid(47215930f14d8f842985cc3ca6a64ecc) Importer(815301076,1909f56bfc062723c751e8b465ee728b)
Start importing Assets/Scenes/Inicio.unity using Guid(47215930f14d8f842985cc3ca6a64ecc) Importer(815301076,1909f56bfc062723c751e8b465ee728b)  -> (artifact id: '1b01fc7b0d5ee2914e8be89de33eb127') in 0.000850 seconds 
========================================================================
Received Import Request.
  Time since last request: 0.003457 seconds.
  path: Assets/TextMesh Pro/Resources/LineBreaking Leading Characters.txt
  artifactKey: Guid(d82c1b31c7e74239bff1220585707d2b) Importer(815301076,1909f56bfc062723c751e8b465ee728b)
Start importing Assets/TextMesh Pro/Resources/LineBreaking Leading Characters.txt using Guid(d82c1b31c7e74239bff1220585707d2b) Importer(815301076,1909f56bfc062723c751e8b465ee728b)  -> (artifact id: 'b95b4c2a9b67a1b3b08a79aab403f964') in 0.001300 seconds 
========================================================================
Received Import Request.
  Time since last request: 0.002806 seconds.
  path: Assets/TextMesh Pro/Resources/Fonts & Materials/LiberationSans SDF - Drop Shadow.mat
  artifactKey: Guid(e73a58f6e2794ae7b1b7e50b7fb811b0) Importer(815301076,1909f56bfc062723c751e8b465ee728b)
Start importing Assets/TextMesh Pro/Resources/Fonts & Materials/LiberationSans SDF - Drop Shadow.mat using Guid(e73a58f6e2794ae7b1b7e50b7fb811b0) Importer(815301076,1909f56bfc062723c751e8b465ee728b)  -> (artifact id: '5e95bc54ff1d30775d1f7c116ec1b94d') in 0.029333 seconds 
========================================================================
Received Import Request.
  Time since last request: 0.000201 seconds.
  path: Assets/TextMesh Pro/Shaders/TMP_SDF SSD.shader
  artifactKey: Guid(14eb328de4b8eb245bb7cea29e4ac00b) Importer(815301076,1909f56bfc062723c751e8b465ee728b)
Start importing Assets/TextMesh Pro/Shaders/TMP_SDF SSD.shader using Guid(14eb328de4b8eb245bb7cea29e4ac00b) Importer(815301076,1909f56bfc062723c751e8b465ee728b)  -> (artifact id: '6ad4ca8d94c7f6f909fa6e764ea6ddf9') in 0.001056 seconds 
========================================================================
Received Import Request.
  Time since last request: 0.000013 seconds.
  path: Assets/TextMesh Pro/Shaders/TMP_SDF.shader
  artifactKey: Guid(68e6db2ebdc24f95958faec2be5558d6) Importer(815301076,1909f56bfc062723c751e8b465ee728b)
Start importing Assets/TextMesh Pro/Shaders/TMP_SDF.shader using Guid(68e6db2ebdc24f95958faec2be5558d6) Importer(815301076,1909f56bfc062723c751e8b465ee728b)  -> (artifact id: 'c7567642c243dc9fb3ba9e1baa24c112') in 0.001040 seconds 
========================================================================
Received Import Request.
  Time since last request: 0.022521 seconds.
  path: Assets/TextMesh Pro/Shaders/TMP_SDF-Mobile.shader
  artifactKey: Guid(fe393ace9b354375a9cb14cdbbc28be4) Importer(815301076,1909f56bfc062723c751e8b465ee728b)
Start importing Assets/TextMesh Pro/Shaders/TMP_SDF-Mobile.shader using Guid(fe393ace9b354375a9cb14cdbbc28be4) Importer(815301076,1909f56bfc062723c751e8b465ee728b)  -> (artifact id: 'b57c71681c28ad1c1f6290039a0f1cc9') in 0.001054 seconds 
========================================================================
Received Import Request.
  Time since last request: 0.018160 seconds.
  path: Assets/prefabs/player.prefab
  artifactKey: Guid(47cf2a1ce8480e54094a4272bbe3e21e) Importer(815301076,1909f56bfc062723c751e8b465ee728b)
Start importing Assets/prefabs/player.prefab using Guid(47cf2a1ce8480e54094a4272bbe3e21e) Importer(815301076,1909f56bfc062723c751e8b465ee728b)  -> (artifact id: 'd9786bafb9b7f80736a2e3738a6adda6') in 1.411373 seconds 
========================================================================
Received Import Request.
  Time since last request: 0.000067 seconds.
  path: Assets/TextMesh Pro/Shaders/TMP_Bitmap.shader
  artifactKey: Guid(128e987d567d4e2c824d754223b3f3b0) Importer(815301076,1909f56bfc062723c751e8b465ee728b)
Start importing Assets/TextMesh Pro/Shaders/TMP_Bitmap.shader using Guid(128e987d567d4e2c824d754223b3f3b0) Importer(815301076,1909f56bfc062723c751e8b465ee728b)  -> (artifact id: 'e769562f990412c2f440aec991e70abc') in 0.008707 seconds 
========================================================================
Received Import Request.
  Time since last request: 0.021660 seconds.
  path: Assets/TextMesh Pro/Shaders/TMP_SDF-Mobile SSD.shader
  artifactKey: Guid(c8d12adcee749c344b8117cf7c7eb912) Importer(815301076,1909f56bfc062723c751e8b465ee728b)
Start importing Assets/TextMesh Pro/Shaders/TMP_SDF-Mobile SSD.shader using Guid(c8d12adcee749c344b8117cf7c7eb912) Importer(815301076,1909f56bfc062723c751e8b465ee728b)  -> (artifact id: '1d090dd1fbec8f29ff95db6006eecd6f') in 0.001556 seconds 
========================================================================
Received Import Request.
  Time since last request: 0.028274 seconds.
  path: Assets/Scenes/Level2.unity
  artifactKey: Guid(b55b8c0e44942d54e8a2258ae9c32f9d) Importer(815301076,1909f56bfc062723c751e8b465ee728b)
Start importing Assets/Scenes/Level2.unity using Guid(b55b8c0e44942d54e8a2258ae9c32f9d) Importer(815301076,1909f56bfc062723c751e8b465ee728b)  -> (artifact id: '597872747ae3579e492cee7169a5a12b') in 0.001428 seconds 
========================================================================
Received Import Request.
  Time since last request: 0.027680 seconds.
  path: Assets/TextMesh Pro/Resources/Fonts & Materials
  artifactKey: Guid(731f1baa9d144a9897cb1d341c2092b8) Importer(815301076,1909f56bfc062723c751e8b465ee728b)
Start importing Assets/TextMesh Pro/Resources/Fonts & Materials using Guid(731f1baa9d144a9897cb1d341c2092b8) Importer(815301076,1909f56bfc062723c751e8b465ee728b)  -> (artifact id: 'a8a5343dd66316b9eb35bafbffda078a') in 0.001067 seconds 
========================================================================
Received Import Request.
  Time since last request: 0.108074 seconds.
  path: Assets/TextMesh Pro/Shaders/TMP_SDF-Surface-Mobile.shader
  artifactKey: Guid(85187c2149c549c5b33f0cdb02836b17) Importer(815301076,1909f56bfc062723c751e8b465ee728b)
Start importing Assets/TextMesh Pro/Shaders/TMP_SDF-Surface-Mobile.shader using Guid(85187c2149c549c5b33f0cdb02836b17) Importer(815301076,1909f56bfc062723c751e8b465ee728b)  -> (artifact id: 'f42332d2173f9a62dc7ec89edcf9988b') in 0.001767 seconds 
========================================================================
Received Import Request.
  Time since last request: 0.004376 seconds.
  path: Assets/animations/wait
  artifactKey: Guid(6b0b4ed1fa43bc848b04d17f67e072bf) Importer(815301076,1909f56bfc062723c751e8b465ee728b)
Start importing Assets/animations/wait using Guid(6b0b4ed1fa43bc848b04d17f67e072bf) Importer(815301076,1909f56bfc062723c751e8b465ee728b)  -> (artifact id: '7d5ba21b754b6a009e9fe4569128db71') in 0.001042 seconds 
========================================================================
Received Import Request.
  Time since last request: 0.016620 seconds.
  path: Assets/animations/enemy/0001.controller
  artifactKey: Guid(71d6443237c5b0b4da4c7a699f568351) Importer(815301076,1909f56bfc062723c751e8b465ee728b)
Start importing Assets/animations/enemy/0001.controller using Guid(71d6443237c5b0b4da4c7a699f568351) Importer(815301076,1909f56bfc062723c751e8b465ee728b)  -> (artifact id: '878575f5e7bfcbfdbb4e9756cd723add') in 0.001718 seconds 
========================================================================
Received Import Request.
  Time since last request: 0.005928 seconds.
  path: Assets/Scenes/game over.unity
  artifactKey: Guid(1107157a96216a44ca34606ae5914b58) Importer(815301076,1909f56bfc062723c751e8b465ee728b)
Start importing Assets/Scenes/game over.unity using Guid(1107157a96216a44ca34606ae5914b58) Importer(815301076,1909f56bfc062723c751e8b465ee728b)  -> (artifact id: 'ac1ec7c553ffeb15c055339ba37577c5') in 0.000882 seconds 
========================================================================
Received Import Request.
  Time since last request: 0.036825 seconds.
  path: Assets/TextMesh Pro/Fonts/LiberationSans - OFL.txt
  artifactKey: Guid(6e59c59b81ab47f9b6ec5781fa725d2c) Importer(815301076,1909f56bfc062723c751e8b465ee728b)
Start importing Assets/TextMesh Pro/Fonts/LiberationSans - OFL.txt using Guid(6e59c59b81ab47f9b6ec5781fa725d2c) Importer(815301076,1909f56bfc062723c751e8b465ee728b)  -> (artifact id: '35ecb2fa8dd83b4749a13d0b14c984c2') in 0.001916 seconds 
========================================================================
Received Import Request.
  Time since last request: 0.000019 seconds.
  path: Assets/scrips/PlayerMove.cs
  artifactKey: Guid(c2336930c2cdc9a4e8a3bbb70c381334) Importer(815301076,1909f56bfc062723c751e8b465ee728b)
Start importing Assets/scrips/PlayerMove.cs using Guid(c2336930c2cdc9a4e8a3bbb70c381334) Importer(815301076,1909f56bfc062723c751e8b465ee728b)  -> (artifact id: 'b3bb9de568c7e65c1a1b9fcc66f943fa') in 0.000888 seconds 
========================================================================
Received Import Request.
  Time since last request: 0.002555 seconds.
  path: Assets/TextMesh Pro/Resources/Style Sheets
  artifactKey: Guid(4aecb92fff08436c8303b10eab8da368) Importer(815301076,1909f56bfc062723c751e8b465ee728b)
Start importing Assets/TextMesh Pro/Resources/Style Sheets using Guid(4aecb92fff08436c8303b10eab8da368) Importer(815301076,1909f56bfc062723c751e8b465ee728b)  -> (artifact id: 'fe342ddaeddc525a77e6f203ceeefc6a') in 0.001188 seconds 
========================================================================
Received Import Request.
  Time since last request: 0.004253 seconds.
  path: Assets/TextMesh Pro/Shaders/TMPro.cginc
  artifactKey: Guid(407bc68d299748449bbf7f48ee690f8d) Importer(815301076,1909f56bfc062723c751e8b465ee728b)
Start importing Assets/TextMesh Pro/Shaders/TMPro.cginc using Guid(407bc68d299748449bbf7f48ee690f8d) Importer(815301076,1909f56bfc062723c751e8b465ee728b)  -> (artifact id: '9166bc1abaeb281fc6783cc3fe76c458') in 0.001472 seconds 
========================================================================
Received Import Request.
  Time since last request: 0.002135 seconds.
  path: Assets/TextMesh Pro/Shaders/TMPro_Properties.cginc
  artifactKey: Guid(3997e2241185407d80309a82f9148466) Importer(815301076,1909f56bfc062723c751e8b465ee728b)
Start importing Assets/TextMesh Pro/Shaders/TMPro_Properties.cginc using Guid(3997e2241185407d80309a82f9148466) Importer(815301076,1909f56bfc062723c751e8b465ee728b)  -> (artifact id: '7506c69260bf7c1cdf33a8f62db534a1') in 0.001606 seconds 
========================================================================
Received Import Request.
  Time since last request: 0.015015 seconds.
  path: Assets/TextMesh Pro/Shaders/TMP_SDF-Surface.shader
  artifactKey: Guid(f7ada0af4f174f0694ca6a487b8f543d) Importer(815301076,1909f56bfc062723c751e8b465ee728b)
Start importing Assets/TextMesh Pro/Shaders/TMP_SDF-Surface.shader using Guid(f7ada0af4f174f0694ca6a487b8f543d) Importer(815301076,1909f56bfc062723c751e8b465ee728b)  -> (artifact id: '98268f32841d37a7690ec8fd38a25b7a') in 0.001332 seconds 
========================================================================
Received Import Request.
  Time since last request: 0.069186 seconds.
  path: Assets/TextMesh Pro/Sprites
  artifactKey: Guid(d0603b6d5186471b96c778c3949c7ce2) Importer(815301076,1909f56bfc062723c751e8b465ee728b)
Start importing Assets/TextMesh Pro/Sprites using Guid(d0603b6d5186471b96c778c3949c7ce2) Importer(815301076,1909f56bfc062723c751e8b465ee728b)  -> (artifact id: 'b27a52c99a9f8f9ac4f70e63a6bb6f32') in 0.000882 seconds 
